c:\users\cesposito\documents\github\h-compumedicsdirectdatastreamer\dll\biryani\x64\release\biryani.lib
c:\users\cesposito\documents\github\h-compumedicsdirectdatastreamer\dll\biryani\x64\release\biryani.exp
c:\users\cesposito\documents\github\h-compumedicsdirectdatastreamer\dll\biryani\biryani\x64\release\vc140.pdb
c:\users\cesposito\documents\github\h-compumedicsdirectdatastreamer\dll\biryani\biryani\x64\release\stdafx.obj
c:\users\cesposito\documents\github\h-compumedicsdirectdatastreamer\dll\biryani\biryani\x64\release\biryani.obj
c:\users\cesposito\documents\github\h-compumedicsdirectdatastreamer\dll\biryani\biryani\x64\release\subpacketdecoder.obj
c:\users\cesposito\documents\github\h-compumedicsdirectdatastreamer\dll\biryani\biryani\x64\release\o1buffer.obj
c:\users\cesposito\documents\github\h-compumedicsdirectdatastreamer\dll\biryani\biryani\x64\release\apiinterface.obj
c:\users\cesposito\documents\github\h-compumedicsdirectdatastreamer\dll\biryani\biryani\x64\release\usbinterface.obj
c:\users\cesposito\documents\github\h-compumedicsdirectdatastreamer\dll\biryani\biryani\x64\release\phasezerohandler.obj
c:\users\cesposito\documents\github\h-compumedicsdirectdatastreamer\dll\biryani\biryani\x64\release\phasetwohandler.obj
c:\users\cesposito\documents\github\h-compumedicsdirectdatastreamer\dll\biryani\biryani\x64\release\phaseonehandler.obj
c:\users\cesposito\documents\github\h-compumedicsdirectdatastreamer\dll\biryani\biryani\x64\release\inittransfer.obj
c:\users\cesposito\documents\github\h-compumedicsdirectdatastreamer\dll\biryani\biryani\x64\release\configurationfilehandler.obj
c:\users\cesposito\documents\github\h-compumedicsdirectdatastreamer\dll\biryani\biryani\x64\release\dllmain.obj
c:\users\cesposito\documents\github\h-compumedicsdirectdatastreamer\dll\biryani\x64\release\biryani.dll
c:\users\cesposito\documents\github\h-compumedicsdirectdatastreamer\dll\biryani\x64\release\biryani.ipdb
c:\users\cesposito\documents\github\h-compumedicsdirectdatastreamer\dll\biryani\x64\release\biryani.iobj
c:\users\cesposito\documents\github\h-compumedicsdirectdatastreamer\dll\biryani\x64\release\biryani.pdb
c:\users\cesposito\documents\github\h-compumedicsdirectdatastreamer\dll\biryani\biryani\x64\release\biryani.tlog\biryani.write.1u.tlog
c:\users\cesposito\documents\github\h-compumedicsdirectdatastreamer\dll\biryani\biryani\x64\release\biryani.tlog\cl.command.1.tlog
c:\users\cesposito\documents\github\h-compumedicsdirectdatastreamer\dll\biryani\biryani\x64\release\biryani.tlog\cl.read.1.tlog
c:\users\cesposito\documents\github\h-compumedicsdirectdatastreamer\dll\biryani\biryani\x64\release\biryani.tlog\cl.write.1.tlog
c:\users\cesposito\documents\github\h-compumedicsdirectdatastreamer\dll\biryani\biryani\x64\release\biryani.tlog\link.command.1.tlog
c:\users\cesposito\documents\github\h-compumedicsdirectdatastreamer\dll\biryani\biryani\x64\release\biryani.tlog\link.read.1.tlog
c:\users\cesposito\documents\github\h-compumedicsdirectdatastreamer\dll\biryani\biryani\x64\release\biryani.tlog\link.write.1.tlog
