Build started 19/02/2018 10:05:19 AM.
     1>Project "C:\Users\cesposito\Documents\GitHub\H-CompumedicsDirectDataStreamer\DLL\biryani\biryani.vcxproj" on node 2 (Build target(s)).
     1>ClCompile:
         C:\Program Files (x86)\Microsoft Visual Studio 12.0\VC\bin\CL.exe /c /Zi /nologo /W3 /WX- /sdl /O2 /Oi /Oy- /GL /D WIN32 /D NDEBUG /D _WINDOWS /D _USRDLL /D BIRYANI_EXPORTS /D _WINDLL /D _UNICODE /D UNICODE /Gm- /EHsc /MD /GS /Gy /fp:precise /Zc:wchar_t /Zc:forScope /Yc"stdafx.h" /Fp"Release\biryani.pch" /Fo"Release\\" /Fd"Release\vc120.pdb" /Gd /TP /analyze- /errorReport:prompt stdafx.cpp
         stdafx.cpp
         C:\Program Files (x86)\Microsoft Visual Studio 12.0\VC\bin\CL.exe /c /Zi /nologo /W3 /WX- /sdl /O2 /Oi /Oy- /GL /D WIN32 /D NDEBUG /D _WINDOWS /D _USRDLL /D BIRYANI_EXPORTS /D _WINDLL /D _UNICODE /D UNICODE /Gm- /EHsc /MD /GS /Gy /fp:precise /Zc:wchar_t /Zc:forScope /Yu"stdafx.h" /Fp"Release\biryani.pch" /Fo"Release\\" /Fd"Release\vc120.pdb" /Gd /TP /analyze- /errorReport:prompt biryani.cpp
         biryani.cpp
         C:\Program Files (x86)\Microsoft Visual Studio 12.0\VC\bin\CL.exe /c /Zi /nologo /W3 /WX- /sdl /O2 /Oi /Oy- /GL /D WIN32 /D NDEBUG /D _WINDOWS /D _USRDLL /D BIRYANI_EXPORTS /D _WINDLL /D _UNICODE /D UNICODE /Gm- /EHsc /MD /GS /Gy /fp:precise /Zc:wchar_t /Zc:forScope /Fo"Release\\" /Fd"Release\vc120.pdb" /Gd /TP /analyze- /errorReport:prompt dllmain.cpp
         dllmain.cpp
       Link:
         C:\Program Files (x86)\Microsoft Visual Studio 12.0\VC\bin\link.exe /ERRORREPORT:PROMPT /OUT:"C:\Users\cesposito\Documents\GitHub\H-CompumedicsDirectDataStreamer\DLL\biryani\Release\biryani.dll" /INCREMENTAL:NO /NOLOGO kernel32.lib user32.lib gdi32.lib winspool.lib comdlg32.lib advapi32.lib shell32.lib ole32.lib oleaut32.lib uuid.lib odbc32.lib odbccp32.lib /MANIFEST /MANIFESTUAC:"level='asInvoker' uiAccess='false'" /manifest:embed /DEBUG /PDB:"C:\Users\cesposito\Documents\GitHub\H-CompumedicsDirectDataStreamer\DLL\biryani\Release\biryani.pdb" /SUBSYSTEM:WINDOWS /OPT:REF /OPT:ICF /LTCG /TLBID:1 /DYNAMICBASE /NXCOMPAT /IMPLIB:"C:\Users\cesposito\Documents\GitHub\H-CompumedicsDirectDataStreamer\DLL\biryani\Release\biryani.lib" /MACHINE:X86 /SAFESEH /DLL Release\biryani.obj
         Release\dllmain.obj
         Release\stdafx.obj
            Creating library C:\Users\cesposito\Documents\GitHub\H-CompumedicsDirectDataStreamer\DLL\biryani\Release\biryani.lib and object C:\Users\cesposito\Documents\GitHub\H-CompumedicsDirectDataStreamer\DLL\biryani\Release\biryani.exp
         Generating code
         Finished generating code
         biryani.vcxproj -> C:\Users\cesposito\Documents\GitHub\H-CompumedicsDirectDataStreamer\DLL\biryani\Release\biryani.dll
     1>Done Building Project "C:\Users\cesposito\Documents\GitHub\H-CompumedicsDirectDataStreamer\DLL\biryani\biryani.vcxproj" (Build target(s)).

Build succeeded.

Time Elapsed 00:00:02.89
